
Showing logs for build [32mcb-kubecd-environment-pr-115-4-xlnnt-1[0m stage [32mfrom-build-pack[0m and container [32mstep-credential-initializer-zh4vt[0m
{"level":"warn","ts":1576807598.7122533,"logger":"fallback-logger","caller":"logging/config.go:69","msg":"Fetch GitHub commit ID from kodata failed: \"ref: refs/heads/master\" is not a valid GitHub commit ID"}
{"level":"info","ts":1576807598.7130344,"logger":"fallback-logger","caller":"creds-init/main.go:40","msg":"Credentials initialized."}

Showing logs for build [32mcb-kubecd-environment-pr-115-4-xlnnt-1[0m stage [32mfrom-build-pack[0m and container [32mstep-working-dir-initializer-kzx85[0m
{"level":"warn","ts":1576807599.212687,"logger":"fallback-logger","caller":"logging/config.go:69","msg":"Fetch GitHub commit ID from kodata failed: open /var/run/ko/HEAD: no such file or directory"}
{"level":"info","ts":1576807599.2168794,"logger":"fallback-logger","caller":"bash/main.go:65","msg":"Successfully executed command \"mkdir -p /workspace/source\""}

Showing logs for build [32mcb-kubecd-environment-pr-115-4-xlnnt-1[0m stage [32mfrom-build-pack[0m and container [32mstep-place-tools[0m

Showing logs for build [32mcb-kubecd-environment-pr-115-4-xlnnt-1[0m stage [32mfrom-build-pack[0m and container [32mstep-git-source-cb-kubecd-environment-pr-115-4-jfbrt[0m
{"level":"warn","ts":1576807605.3481762,"logger":"fallback-logger","caller":"logging/config.go:69","msg":"Fetch GitHub commit ID from kodata failed: \"ref: refs/heads/master\" is not a valid GitHub commit ID"}
{"level":"info","ts":1576807606.4832387,"logger":"fallback-logger","caller":"git/git.go:102","msg":"Successfully cloned https://github.com/cb-kubecd/environment-pr-115-4-boot-gke-staging.git @ master in path /workspace/source"}

Showing logs for build [32mcb-kubecd-environment-pr-115-4-xlnnt-1[0m stage [32mfrom-build-pack[0m and container [32mstep-git-merge[0m
Using SHAs from PULL_REFS=master:bfa2808c1784c1ff2b4d2059d7bc0eb09a3c11a5,7:0771dfa3450e3075e2475573faff5d447804a32c
DEBUG: ran git fetch --unshallow origin 0771dfa3450e3075e2475573faff5d447804a32c: bfa2808c1784c1ff2b4d2059d7bc0eb09a3c11a5: in 
DEBUG: ran git checkout master in 
DEBUG: ran git reset --hard bfa2808c1784c1ff2b4d2059d7bc0eb09a3c11a5 in 
DEBUG: ran clean --force -d . in 
DEBUG: ran git merge 0771dfa3450e3075e2475573faff5d447804a32c in 
Merged SHA 0771dfa3450e3075e2475573faff5d447804a32c with commit message 'chore: Promote bdd-nh-import-1576804790 to version 0.0.1' into base branch master

Showing logs for build [32mcb-kubecd-environment-pr-115-4-xlnnt-1[0m stage [32mfrom-build-pack[0m and container [32mstep-build-helm-build[0m
WARNING: No $CHART_REPOSITORY defined so using the default value of: http://jenkins-x-chartmuseum:8080
Adding missing Helm repo: storage.googleapis.com https://storage.googleapis.com/chartmuseum.jenkins-x.io
WARNING: No secrets found on "helm/repos" due: reading the secret "helm/repos" from vault: no secret "helm/repos" not found in vault
Read credentials for https://storage.googleapis.com/chartmuseum.jenkins-x.io from vault helm/repos
Successfully added Helm repository storage.googleapis.com.
Adding missing Helm repo: jenkins-x-chartmuseum http://jenkins-x-chartmuseum:8080
WARNING: No secrets found on "helm/repos" due: reading the secret "helm/repos" from vault: no secret "helm/repos" not found in vault
Read credentials for http://jenkins-x-chartmuseum:8080 from vault helm/repos
Successfully added Helm repository jenkins-x-chartmuseum.
WARNING: No $CHART_REPOSITORY defined so using the default value of: http://jenkins-x-chartmuseum:8080
Adding missing Helm repo: chartmuseum.jenkins-x.io http://chartmuseum.jenkins-x.io
WARNING: No secrets found on "helm/repos" due: reading the secret "helm/repos" from vault: no secret "helm/repos" not found in vault
Read credentials for http://chartmuseum.jenkins-x.io from vault helm/repos
Successfully added Helm repository chartmuseum.jenkins-x.io.
