
Showing logs for build [32mcb-kubecd-environment-pr-115-4-ccj46-1[0m stage [32mfrom-build-pack[0m and container [32mstep-credential-initializer-h7ggq[0m
{"level":"warn","ts":1576805224.6610072,"logger":"fallback-logger","caller":"logging/config.go:69","msg":"Fetch GitHub commit ID from kodata failed: \"ref: refs/heads/master\" is not a valid GitHub commit ID"}
{"level":"info","ts":1576805224.6628132,"logger":"fallback-logger","caller":"creds-init/main.go:40","msg":"Credentials initialized."}

Showing logs for build [32mcb-kubecd-environment-pr-115-4-ccj46-1[0m stage [32mfrom-build-pack[0m and container [32mstep-working-dir-initializer-lssvg[0m
{"level":"warn","ts":1576805226.0823503,"logger":"fallback-logger","caller":"logging/config.go:69","msg":"Fetch GitHub commit ID from kodata failed: open /var/run/ko/HEAD: no such file or directory"}
{"level":"info","ts":1576805226.0877445,"logger":"fallback-logger","caller":"bash/main.go:65","msg":"Successfully executed command \"mkdir -p /workspace/source\""}

Showing logs for build [32mcb-kubecd-environment-pr-115-4-ccj46-1[0m stage [32mfrom-build-pack[0m and container [32mstep-place-tools[0m

Showing logs for build [32mcb-kubecd-environment-pr-115-4-ccj46-1[0m stage [32mfrom-build-pack[0m and container [32mstep-git-source-cb-kubecd-environment-pr-115-4-vmjnv[0m
{"level":"warn","ts":1576805233.3645396,"logger":"fallback-logger","caller":"logging/config.go:69","msg":"Fetch GitHub commit ID from kodata failed: \"ref: refs/heads/master\" is not a valid GitHub commit ID"}
{"level":"info","ts":1576805235.0913227,"logger":"fallback-logger","caller":"git/git.go:102","msg":"Successfully cloned https://github.com/cb-kubecd/environment-pr-115-4-boot-gke-staging.git @ master in path /workspace/source"}

Showing logs for build [32mcb-kubecd-environment-pr-115-4-ccj46-1[0m stage [32mfrom-build-pack[0m and container [32mstep-git-merge[0m
Using SHAs from PULL_REFS=master:c13bc064326c9b3eab5c03d3fa1d043d5471c92a,5:12ef9f2b1bbd75506f617b92488c91a470b5bac9
DEBUG: ran git fetch --unshallow origin 12ef9f2b1bbd75506f617b92488c91a470b5bac9: c13bc064326c9b3eab5c03d3fa1d043d5471c92a: in 
DEBUG: ran git checkout master in 
DEBUG: ran git reset --hard c13bc064326c9b3eab5c03d3fa1d043d5471c92a in 
DEBUG: ran clean --force -d . in 
DEBUG: ran git merge 12ef9f2b1bbd75506f617b92488c91a470b5bac9 in 
Merged SHA 12ef9f2b1bbd75506f617b92488c91a470b5bac9 with commit message 'chore: Promote bdd-sbhg-import-1576804790 to version 0.0.2' into base branch master

Showing logs for build [32mcb-kubecd-environment-pr-115-4-ccj46-1[0m stage [32mfrom-build-pack[0m and container [32mstep-build-helm-build[0m
WARNING: No $CHART_REPOSITORY defined so using the default value of: http://jenkins-x-chartmuseum:8080
Adding missing Helm repo: storage.googleapis.com https://storage.googleapis.com/chartmuseum.jenkins-x.io
WARNING: No secrets found on "helm/repos" due: reading the secret "helm/repos" from vault: no secret "helm/repos" not found in vault
Read credentials for https://storage.googleapis.com/chartmuseum.jenkins-x.io from vault helm/repos
Successfully added Helm repository storage.googleapis.com.
Adding missing Helm repo: jenkins-x-chartmuseum http://jenkins-x-chartmuseum:8080
WARNING: No secrets found on "helm/repos" due: reading the secret "helm/repos" from vault: no secret "helm/repos" not found in vault
Read credentials for http://jenkins-x-chartmuseum:8080 from vault helm/repos
Successfully added Helm repository jenkins-x-chartmuseum.
WARNING: No $CHART_REPOSITORY defined so using the default value of: http://jenkins-x-chartmuseum:8080
Adding missing Helm repo: chartmuseum.jenkins-x.io http://chartmuseum.jenkins-x.io
WARNING: No secrets found on "helm/repos" due: reading the secret "helm/repos" from vault: no secret "helm/repos" not found in vault
Read credentials for http://chartmuseum.jenkins-x.io from vault helm/repos
Successfully added Helm repository chartmuseum.jenkins-x.io.
