
Showing logs for build [32mcb-kubecd-environment-pr-115-4-p9c94-1[0m stage [32mfrom-build-pack[0m and container [32mstep-credential-initializer-9kbtb[0m
{"level":"warn","ts":1576801947.1699035,"logger":"fallback-logger","caller":"logging/config.go:69","msg":"Fetch GitHub commit ID from kodata failed: \"ref: refs/heads/master\" is not a valid GitHub commit ID"}
{"level":"info","ts":1576801947.1706953,"logger":"fallback-logger","caller":"creds-init/main.go:40","msg":"Credentials initialized."}

Showing logs for build [32mcb-kubecd-environment-pr-115-4-p9c94-1[0m stage [32mfrom-build-pack[0m and container [32mstep-working-dir-initializer-nn72k[0m
{"level":"warn","ts":1576801948.3921022,"logger":"fallback-logger","caller":"logging/config.go:69","msg":"Fetch GitHub commit ID from kodata failed: open /var/run/ko/HEAD: no such file or directory"}
{"level":"info","ts":1576801948.3943765,"logger":"fallback-logger","caller":"bash/main.go:65","msg":"Successfully executed command \"mkdir -p /workspace/source\""}

Showing logs for build [32mcb-kubecd-environment-pr-115-4-p9c94-1[0m stage [32mfrom-build-pack[0m and container [32mstep-place-tools[0m

Showing logs for build [32mcb-kubecd-environment-pr-115-4-p9c94-1[0m stage [32mfrom-build-pack[0m and container [32mstep-git-source-cb-kubecd-environment-pr-115-4-gmjth[0m
{"level":"warn","ts":1576801952.482294,"logger":"fallback-logger","caller":"logging/config.go:69","msg":"Fetch GitHub commit ID from kodata failed: \"ref: refs/heads/master\" is not a valid GitHub commit ID"}
{"level":"info","ts":1576801953.6212575,"logger":"fallback-logger","caller":"git/git.go:102","msg":"Successfully cloned https://github.com/cb-kubecd/environment-pr-115-4-boot-gke-staging.git @ master in path /workspace/source"}

Showing logs for build [32mcb-kubecd-environment-pr-115-4-p9c94-1[0m stage [32mfrom-build-pack[0m and container [32mstep-git-merge[0m
Using SHAs from PULL_REFS=master:14554c34017ebcfcd25197d4a21d7899556415ab,1:7983528bd617b2f6ecfdc0e3b5be6a85154ddf52
DEBUG: ran git fetch --unshallow origin 7983528bd617b2f6ecfdc0e3b5be6a85154ddf52: 14554c34017ebcfcd25197d4a21d7899556415ab: in 
DEBUG: ran git checkout master in 
DEBUG: ran git reset --hard 14554c34017ebcfcd25197d4a21d7899556415ab in 
DEBUG: ran clean --force -d . in 
DEBUG: ran git merge 7983528bd617b2f6ecfdc0e3b5be6a85154ddf52 in 
Merged SHA 7983528bd617b2f6ecfdc0e3b5be6a85154ddf52 with commit message 'chore: Promote bdd-spring-1576801635 to version 0.0.1' into base branch master

Showing logs for build [32mcb-kubecd-environment-pr-115-4-p9c94-1[0m stage [32mfrom-build-pack[0m and container [32mstep-build-helm-build[0m
WARNING: No $CHART_REPOSITORY defined so using the default value of: http://jenkins-x-chartmuseum:8080
Adding missing Helm repo: storage.googleapis.com https://storage.googleapis.com/chartmuseum.jenkins-x.io
WARNING: No secrets found on "helm/repos" due: reading the secret "helm/repos" from vault: no secret "helm/repos" not found in vault
Read credentials for https://storage.googleapis.com/chartmuseum.jenkins-x.io from vault helm/repos
Successfully added Helm repository storage.googleapis.com.
Adding missing Helm repo: jenkins-x-chartmuseum http://jenkins-x-chartmuseum:8080
WARNING: No secrets found on "helm/repos" due: reading the secret "helm/repos" from vault: no secret "helm/repos" not found in vault
Read credentials for http://jenkins-x-chartmuseum:8080 from vault helm/repos
Successfully added Helm repository jenkins-x-chartmuseum.
WARNING: No $CHART_REPOSITORY defined so using the default value of: http://jenkins-x-chartmuseum:8080
Adding missing Helm repo: chartmuseum.jenkins-x.io http://chartmuseum.jenkins-x.io
WARNING: No secrets found on "helm/repos" due: reading the secret "helm/repos" from vault: no secret "helm/repos" not found in vault
Read credentials for http://chartmuseum.jenkins-x.io from vault helm/repos
Successfully added Helm repository chartmuseum.jenkins-x.io.
