
Showing logs for build [32mcb-kubecd-environment-pr-115-4-2gf89-1[0m stage [32mfrom-build-pack[0m and container [32mstep-credential-initializer-nmd6b[0m
{"level":"warn","ts":1576802853.1898124,"logger":"fallback-logger","caller":"logging/config.go:69","msg":"Fetch GitHub commit ID from kodata failed: \"ref: refs/heads/master\" is not a valid GitHub commit ID"}
{"level":"info","ts":1576802853.1910305,"logger":"fallback-logger","caller":"creds-init/main.go:40","msg":"Credentials initialized."}

Showing logs for build [32mcb-kubecd-environment-pr-115-4-2gf89-1[0m stage [32mfrom-build-pack[0m and container [32mstep-working-dir-initializer-rf5zf[0m
{"level":"warn","ts":1576802853.5798187,"logger":"fallback-logger","caller":"logging/config.go:69","msg":"Fetch GitHub commit ID from kodata failed: open /var/run/ko/HEAD: no such file or directory"}
{"level":"info","ts":1576802853.5866554,"logger":"fallback-logger","caller":"bash/main.go:65","msg":"Successfully executed command \"mkdir -p /workspace/source\""}

Showing logs for build [32mcb-kubecd-environment-pr-115-4-2gf89-1[0m stage [32mfrom-build-pack[0m and container [32mstep-place-tools[0m

Showing logs for build [32mcb-kubecd-environment-pr-115-4-2gf89-1[0m stage [32mfrom-build-pack[0m and container [32mstep-git-source-cb-kubecd-environment-pr-115-4-r89x4[0m
{"level":"warn","ts":1576802886.6406817,"logger":"fallback-logger","caller":"logging/config.go:69","msg":"Fetch GitHub commit ID from kodata failed: \"ref: refs/heads/master\" is not a valid GitHub commit ID"}
{"level":"info","ts":1576802887.8485217,"logger":"fallback-logger","caller":"git/git.go:102","msg":"Successfully cloned https://github.com/cb-kubecd/environment-pr-115-4-boot-gke-staging.git @ master in path /workspace/source"}

Showing logs for build [32mcb-kubecd-environment-pr-115-4-2gf89-1[0m stage [32mfrom-build-pack[0m and container [32mstep-git-merge[0m
Using SHAs from PULL_REFS=master:5730f14681af8d65c3089567d665fd55a4c6f515,2:bbf9627a8a572708b88c347ae585da474f54dfa5
DEBUG: ran git fetch --unshallow origin bbf9627a8a572708b88c347ae585da474f54dfa5: 5730f14681af8d65c3089567d665fd55a4c6f515: in 
DEBUG: ran git checkout master in 
DEBUG: ran git reset --hard 5730f14681af8d65c3089567d665fd55a4c6f515 in 
DEBUG: ran clean --force -d . in 
DEBUG: ran git merge bbf9627a8a572708b88c347ae585da474f54dfa5 in 
Merged SHA bbf9627a8a572708b88c347ae585da474f54dfa5 with commit message 'chore: Promote bdd-gh-1576802597 to version 0.0.1' into base branch master

Showing logs for build [32mcb-kubecd-environment-pr-115-4-2gf89-1[0m stage [32mfrom-build-pack[0m and container [32mstep-build-helm-build[0m
WARNING: No $CHART_REPOSITORY defined so using the default value of: http://jenkins-x-chartmuseum:8080
Adding missing Helm repo: storage.googleapis.com https://storage.googleapis.com/chartmuseum.jenkins-x.io
WARNING: No secrets found on "helm/repos" due: reading the secret "helm/repos" from vault: no secret "helm/repos" not found in vault
Read credentials for https://storage.googleapis.com/chartmuseum.jenkins-x.io from vault helm/repos
Successfully added Helm repository storage.googleapis.com.
Adding missing Helm repo: jenkins-x-chartmuseum http://jenkins-x-chartmuseum:8080
WARNING: No secrets found on "helm/repos" due: reading the secret "helm/repos" from vault: no secret "helm/repos" not found in vault
Read credentials for http://jenkins-x-chartmuseum:8080 from vault helm/repos
Successfully added Helm repository jenkins-x-chartmuseum.
WARNING: No $CHART_REPOSITORY defined so using the default value of: http://jenkins-x-chartmuseum:8080
Adding missing Helm repo: chartmuseum.jenkins-x.io http://chartmuseum.jenkins-x.io
WARNING: No secrets found on "helm/repos" due: reading the secret "helm/repos" from vault: no secret "helm/repos" not found in vault
Read credentials for http://chartmuseum.jenkins-x.io from vault helm/repos
Successfully added Helm repository chartmuseum.jenkins-x.io.
