
Showing logs for build [32mcb-kubecd-environment-pr-115-4-fh7pc-2[0m stage [32mfrom-build-pack[0m and container [32mstep-credential-initializer-llx9z[0m
{"level":"warn","ts":1576802983.5334308,"logger":"fallback-logger","caller":"logging/config.go:69","msg":"Fetch GitHub commit ID from kodata failed: \"ref: refs/heads/master\" is not a valid GitHub commit ID"}
{"level":"info","ts":1576802983.5340183,"logger":"fallback-logger","caller":"creds-init/main.go:40","msg":"Credentials initialized."}

Showing logs for build [32mcb-kubecd-environment-pr-115-4-fh7pc-2[0m stage [32mfrom-build-pack[0m and container [32mstep-working-dir-initializer-q2z25[0m
{"level":"warn","ts":1576802984.9772243,"logger":"fallback-logger","caller":"logging/config.go:69","msg":"Fetch GitHub commit ID from kodata failed: open /var/run/ko/HEAD: no such file or directory"}
{"level":"info","ts":1576802984.9802184,"logger":"fallback-logger","caller":"bash/main.go:65","msg":"Successfully executed command \"mkdir -p /workspace/source\""}

Showing logs for build [32mcb-kubecd-environment-pr-115-4-fh7pc-2[0m stage [32mfrom-build-pack[0m and container [32mstep-place-tools[0m

Showing logs for build [32mcb-kubecd-environment-pr-115-4-fh7pc-2[0m stage [32mfrom-build-pack[0m and container [32mstep-git-source-cb-kubecd-environment-pr-115-4-ngljw[0m
{"level":"warn","ts":1576802992.0870001,"logger":"fallback-logger","caller":"logging/config.go:69","msg":"Fetch GitHub commit ID from kodata failed: \"ref: refs/heads/master\" is not a valid GitHub commit ID"}
{"level":"info","ts":1576802993.3716812,"logger":"fallback-logger","caller":"git/git.go:102","msg":"Successfully cloned https://github.com/cb-kubecd/environment-pr-115-4-boot-gke-staging.git @ master in path /workspace/source"}

Showing logs for build [32mcb-kubecd-environment-pr-115-4-fh7pc-2[0m stage [32mfrom-build-pack[0m and container [32mstep-git-merge[0m
Using SHAs from PULL_REFS=master:3135a96f42a3e8ac0871c3721bbc0fabef4a1057,2:bbf9627a8a572708b88c347ae585da474f54dfa5
DEBUG: ran git fetch --unshallow origin bbf9627a8a572708b88c347ae585da474f54dfa5: 3135a96f42a3e8ac0871c3721bbc0fabef4a1057: in 
DEBUG: ran git checkout master in 
DEBUG: ran git reset --hard 3135a96f42a3e8ac0871c3721bbc0fabef4a1057 in 
DEBUG: ran clean --force -d . in 
DEBUG: ran git merge bbf9627a8a572708b88c347ae585da474f54dfa5 in 

Showing logs for build [32mcb-kubecd-environment-pr-115-4-fh7pc-2[0m stage [32mfrom-build-pack[0m and container [32mstep-build-helm-build[0m
WARNING: No $CHART_REPOSITORY defined so using the default value of: http://jenkins-x-chartmuseum:8080
Adding missing Helm repo: storage.googleapis.com https://storage.googleapis.com/chartmuseum.jenkins-x.io
WARNING: No secrets found on "helm/repos" due: reading the secret "helm/repos" from vault: no secret "helm/repos" not found in vault
Read credentials for https://storage.googleapis.com/chartmuseum.jenkins-x.io from vault helm/repos
Successfully added Helm repository storage.googleapis.com.
Adding missing Helm repo: jenkins-x-chartmuseum http://jenkins-x-chartmuseum:8080
WARNING: No secrets found on "helm/repos" due: reading the secret "helm/repos" from vault: no secret "helm/repos" not found in vault
Read credentials for http://jenkins-x-chartmuseum:8080 from vault helm/repos
Successfully added Helm repository jenkins-x-chartmuseum.
WARNING: No $CHART_REPOSITORY defined so using the default value of: http://jenkins-x-chartmuseum:8080
Adding missing Helm repo: chartmuseum.jenkins-x.io http://chartmuseum.jenkins-x.io
WARNING: No secrets found on "helm/repos" due: reading the secret "helm/repos" from vault: no secret "helm/repos" not found in vault
Read credentials for http://chartmuseum.jenkins-x.io from vault helm/repos
Successfully added Helm repository chartmuseum.jenkins-x.io.
